[     216ms] [INFO] %cDownload the React DevTools for a better development experience: https://react.dev/link/react-devtools font-weight:bold @ http://localhost:3210/_next/static/chunks/node_modules_next_dist_1ybzpk2._.js:2477
[     244ms] [LOG] [HMR] connected @ http://localhost:3210/_next/static/chunks/node_modules_next_dist_1ybzpk2._.js:2477
[     270ms] [WARNING] You have Reduced Motion enabled on your device. Animations may not appear as expected.. For more information and steps for solving, visit https://motion.dev/troubleshooting/reduced-motion-disabled @ http://localhost:3210/_next/static/chunks/node_modules_next_dist_1ybzpk2._.js:2477
[     284ms] [ERROR] A tree hydrated but some attributes of the server rendered HTML didn't match the client properties. This won't be patched up. This can happen if a SSR-ed Client Component used:

- A server/client branch `if (typeof window !== 'undefined')`.
- Variable input such as `Date.now()` or `Math.random()` which changes each time it's called.
- Date formatting in a user's locale which doesn't match the server.
- External changing data without sending a snapshot of it along with the HTML.
- Invalid HTML tag nesting.

It can also happen if the client has a browser extension installed which messes with the HTML before React loaded.

%s%s https://react.dev/link/hydration-mismatch 

  ...
    <LoadingBoundary name="/" loading={null}>
      <HTTPAccessFallbackBoundary notFound={{...}} forbidden={undefined} unauthorized={undefined}>
        <HTTPAccessFallbackErrorBoundary pathname="/" notFound={{...}} forbidden={undefined} unauthorized={undefined} ...>
          <RedirectBoundary>
            <RedirectErrorBoundary router={{...}}>
              <InnerLayoutRouter url="/" tree={[...]} params={{}} cacheNode={{rsc:{...}, ...}} segmentPath={[...]} ...>
                <SegmentViewNode type="page" pagePath="page.tsx">
                  <SegmentTrieNode>
                  <Home>
                    <a>
                    <header>
                    <main id="main" className="flex-1">
                      <Hero>
                        <section className="mx-auto gr...">
                          <div className="lg:col-span-7">
                            <motion.p initial={false} animate={{opacity:1,y:0}} transition={{duration:0.7, ...}} ...>
                              <p
                                className="font-mono text-[13px] uppercase tracking-[0.2em] text-accent"
                                style={{
+                                 opacity: 1
-                                 opacity: "0"
+                                 transform: "none"
-                                 transform: "translateY(24px)"
                                }}
                                ref={function useMotionRef.useCallback}
                              >
+                               Backend / AI Engineer
                            <motion.h1 initial={false} animate={{opacity:1,y:0}} transition={{duration:0.7, ...}} ...>
                              <h1
                                className="mt-6 text-4xl leading-none tracking-tighter text-balance md:text-5xl lg:tex..."
                                style={{
+                                 opacity: 1
-                                 opacity: "0"
+                                 transform: "none"
-                                 transform: "translateY(24px)"
                                }}
                                ref={function useMotionRef.useCallback}
                              >
+                               Backend systems that put AI agents to work.
                            <motion.p initial={false} animate={{opacity:1,y:0}} transition={{duration:0.7, ...}} ...>
                              <p
                                className="mt-6 max-w-[52ch] text-lg leading-relaxed text-muted"
                                style={{
+                                 opacity: 1
-                                 opacity: "0"
+                                 transform: "none"
-                                 transform: "translateY(24px)"
                                }}
                                ref={function useMotionRef.useCallback}
                              >
+                               Software engineer specializing in Python services, AWS serverless infrastructure, and t...
                            <motion.div initial={false} animate={{opacity:1,y:0}} transition={{duration:0.7, ...}} ...>
                              <div
                                className="mt-10 flex flex-wrap gap-4"
                                style={{
+                                 opacity: 1
-                                 opacity: "0"
+                                 transform: "none"
-                                 transform: "translateY(24px)"
                                }}
                                ref={function useMotionRef.useCallback}
                              >
                          <motion.figure initial={false} animate={{opacity:1,scale:1}} transition={{duration:0.9, ...}} ...>
                            <figure
                              className="relative mx-auto w-full max-w-md lg:col-span-5 lg:translate-y-4"
+                             style={{opacity:1,transform:"none"}}
-                             style={{opacity:"0",transform:"scale(0.98)"}}
                              ref={function useMotionRef.useCallback}
                            >
                      <Facts>
                        <section className="border-y b...">
                          <Reveal>
                            <motion.div className={undefined} initial={false} whileInView={{opacity:1,y:0}} ...>
                              <div
                                className={undefined}
                                style={{
-                                 opacity: "0"
-                                 transform: "translateY(24px)"
                                }}
                                ref={function useMotionRef.useCallback}
                              >
                      <Experience>
                        <section id="experience" className="mx-auto gr...">
                          <div className="lg:sticky ...">
                            <Reveal>
                              <motion.div className={undefined} initial={false} whileInView={{opacity:1,y:0}} ...>
                                <div
                                  className={undefined}
                                  style={{
-                                   opacity: "0"
-                                   transform: "translateY(24px)"
                                  }}
                                  ref={function useMotionRef.useCallback}
                                >
                          <div className="divide-y d...">
                            <Reveal delay={0}>
                              <motion.div className={undefined} initial={false} whileInView={{opacity:1,y:0}} ...>
                                <div
                                  className={undefined}
                                  style={{
-                                   opacity: "0"
-                                   transform: "translateY(24px)"
                                  }}
                                  ref={function useMotionRef.useCallback}
                                >
                            <Reveal delay={0.05}>
                              <motion.div className={undefined} initial={false} whileInView={{opacity:1,y:0}} ...>
                                <div
                                  className={undefined}
                                  style={{
-                                   opacity: "0"
-                                   transform: "translateY(24px)"
                                  }}
                                  ref={function useMotionRef.useCallback}
                                >
                            <Reveal delay={0.1}>
                              <motion.div className={undefined} initial={false} whileInView={{opacity:1,y:0}} ...>
                                <div
                                  className={undefined}
                                  style={{
-                                   opacity: "0"
-                                   transform: "translateY(24px)"
                                  }}
                                  ref={function useMotionRef.useCallback}
                                >
                            <Reveal delay={0.15000000000000002}>
                              <motion.div className={undefined} initial={false} whileInView={{opacity:1,y:0}} ...>
                                <div
                                  className={undefined}
                                  style={{
-                                   opacity: "0"
-                                   transform: "translateY(24px)"
                                  }}
                                  ref={function useMotionRef.useCallback}
                                >
                      <Capabilities>
                        <section id="capabilities" className="border-y b...">
                          <div className="mx-auto ma...">
                            <Reveal>
                              <motion.div className={undefined} initial={false} whileInView={{opacity:1,y:0}} ...>
                                <div
                                  className={undefined}
                                  style={{
-                                   opacity: "0"
-                                   transform: "translateY(24px)"
                                  }}
                                  ref={function useMotionRef.useCallback}
                                >
                            <div className="mt-12 grid...">
                              <Reveal className="md:col-span-4">
                                <motion.div className="md:col-span-4" initial={false} whileInView={{opacity:1,y:0}} ...>
                                  <div
                                    className="md:col-span-4"
                                    style={{
-                                     opacity: "0"
-                                     transform: "translateY(24px)"
                                    }}
                                    ref={function useMotionRef.useCallback}
                                  >
                              <Reveal className="md:col-span-2" delay={0.05}>
                                <motion.div className="md:col-span-2" initial={false} whileInView={{opacity:1,y:0}} ...>
                                  <div
                                    className="md:col-span-2"
                                    style={{
-                                     opacity: "0"
-                                     transform: "translateY(24px)"
                                    }}
                                    ref={function useMotionRef.useCallback}
                                  >
                              <Reveal className="md:col-span-3" delay={0.1}>
                                <motion.div className="md:col-span-3" initial={false} whileInView={{opacity:1,y:0}} ...>
                                  <div
                                    className="md:col-span-3"
                                    style={{
-                                     opacity: "0"
-                                     transform: "translateY(24px)"
                                    }}
                                    ref={function useMotionRef.useCallback}
                                  >
                              <Reveal className="md:col-span-3" delay={0.15}>
                                <motion.div className="md:col-span-3" initial={false} whileInView={{opacity:1,y:0}} ...>
                                  <div
                                    className="md:col-span-3"
                                    style={{
-                                     opacity: "0"
-                                     transform: "translateY(24px)"
                                    }}
                                    ref={function useMotionRef.useCallback}
                                  >
                              <Reveal className="md:col-span-6" delay={0.2}>
                                <motion.div className="md:col-span-6" initial={false} whileInView={{opacity:1,y:0}} ...>
                                  <div
                                    className="md:col-span-6"
                                    style={{
-                                     opacity: "0"
-                                     transform: "translateY(24px)"
                                    }}
                                    ref={function useMotionRef.useCallback}
                                  >
                      <Stack>
                        <section className="mx-auto ma...">
                          <Reveal>
                            <motion.div className={undefined} initial={false} whileInView={{opacity:1,y:0}} ...>
                              <div
                                className={undefined}
                                style={{
-                                 opacity: "0"
-                                 transform: "translateY(24px)"
                                }}
                                ref={function useMotionRef.useCallback}
                              >
                      <Contact>
                        <section id="contact" className="border-t b...">
                          <div className="mx-auto gr...">
                            <Reveal className="lg:col-span-7">
                              <motion.div className="lg:col-span-7" initial={false} whileInView={{opacity:1,y:0}} ...>
                                <div
                                  className="lg:col-span-7"
                                  style={{
-                                   opacity: "0"
-                                   transform: "translateY(24px)"
                                  }}
                                  ref={function useMotionRef.useCallback}
                                >
                            <Reveal className="lg:col-spa..." delay={0.1}>
                              <motion.div className="lg:col-spa..." initial={false} whileInView={{opacity:1,y:0}} ...>
                                <div
                                  className="lg:col-span-4 lg:col-start-9"
                                  style={{
-                                   opacity: "0"
-                                   transform: "translateY(24px)"
                                  }}
                                  ref={function useMotionRef.useCallback}
                                >
                          ...
                ...
              ...
 @ http://localhost:3210/_next/static/chunks/node_modules_next_dist_1ybzpk2._.js:3318
[     371ms] [LOG] [Fast Refresh] rebuilding @ http://localhost:3210/_next/static/chunks/node_modules_next_dist_1ybzpk2._.js:2477
[     417ms] [LOG] [Fast Refresh] done in 152ms @ http://localhost:3210/_next/static/chunks/node_modules_next_dist_1ybzpk2._.js:2477
[   60848ms] [LOG] [Fast Refresh] rebuilding @ http://localhost:3210/_next/static/chunks/node_modules_next_dist_1ybzpk2._.js:2477
[   60905ms] [LOG] [Fast Refresh] done in 134ms @ http://localhost:3210/_next/static/chunks/node_modules_next_dist_1ybzpk2._.js:2477
[   71467ms] [LOG] [Fast Refresh] rebuilding @ http://localhost:3210/_next/static/chunks/node_modules_next_dist_1ybzpk2._.js:2477
[   71494ms] [LOG] [Fast Refresh] done in 90ms @ http://localhost:3210/_next/static/chunks/node_modules_next_dist_1ybzpk2._.js:2477
[   74335ms] [LOG] [Fast Refresh] rebuilding @ http://localhost:3210/_next/static/chunks/node_modules_next_dist_1ybzpk2._.js:2477
[   74368ms] [LOG] [Fast Refresh] done in 35ms @ http://localhost:3210/_next/static/chunks/node_modules_next_dist_1ybzpk2._.js:2477
[   96639ms] [LOG] [Fast Refresh] rebuilding @ http://localhost:3210/_next/static/chunks/node_modules_next_dist_1ybzpk2._.js:2477
[   96862ms] [LOG] [Fast Refresh] done in 324ms @ http://localhost:3210/_next/static/chunks/node_modules_next_dist_1ybzpk2._.js:2477
[  103889ms] [LOG] [Fast Refresh] rebuilding @ http://localhost:3210/_next/static/chunks/node_modules_next_dist_1ybzpk2._.js:2477
[  103927ms] [LOG] [Fast Refresh] done in 14ms @ http://localhost:3210/_next/static/chunks/node_modules_next_dist_1ybzpk2._.js:2477
[  106180ms] [LOG] [Fast Refresh] rebuilding @ http://localhost:3210/_next/static/chunks/node_modules_next_dist_1ybzpk2._.js:2477
[  106216ms] [LOG] [Fast Refresh] done in 14ms @ http://localhost:3210/_next/static/chunks/node_modules_next_dist_1ybzpk2._.js:2477
[  108076ms] [LOG] [Fast Refresh] rebuilding @ http://localhost:3210/_next/static/chunks/node_modules_next_dist_1ybzpk2._.js:2477
[  108116ms] [LOG] [Fast Refresh] done in 38ms @ http://localhost:3210/_next/static/chunks/node_modules_next_dist_1ybzpk2._.js:2477
[  109796ms] [LOG] [Fast Refresh] rebuilding @ http://localhost:3210/_next/static/chunks/node_modules_next_dist_1ybzpk2._.js:2477
[  109835ms] [LOG] [Fast Refresh] done in 15ms @ http://localhost:3210/_next/static/chunks/node_modules_next_dist_1ybzpk2._.js:2477
[  122013ms] [LOG] [Fast Refresh] rebuilding @ http://localhost:3210/_next/static/chunks/node_modules_next_dist_1ybzpk2._.js:2477
[  122042ms] [LOG] [Fast Refresh] done in 25ms @ http://localhost:3210/_next/static/chunks/node_modules_next_dist_1ybzpk2._.js:2477
[  124317ms] [LOG] [Fast Refresh] rebuilding @ http://localhost:3210/_next/static/chunks/node_modules_next_dist_1ybzpk2._.js:2477
[  124346ms] [LOG] [Fast Refresh] done in 14ms @ http://localhost:3210/_next/static/chunks/node_modules_next_dist_1ybzpk2._.js:2477
[  126230ms] [LOG] [Fast Refresh] rebuilding @ http://localhost:3210/_next/static/chunks/node_modules_next_dist_1ybzpk2._.js:2477
[  126260ms] [LOG] [Fast Refresh] done in 14ms @ http://localhost:3210/_next/static/chunks/node_modules_next_dist_1ybzpk2._.js:2477
[  128427ms] [LOG] [Fast Refresh] rebuilding @ http://localhost:3210/_next/static/chunks/node_modules_next_dist_1ybzpk2._.js:2477
[  128480ms] [LOG] [Fast Refresh] done in 25ms @ http://localhost:3210/_next/static/chunks/node_modules_next_dist_1ybzpk2._.js:2477
[  142346ms] [ERROR] Failed to load resource: the server responded with a status of 500 (Internal Server Error) @ http://localhost:4173/_next/static/chunks/30wm3saj2s7xa.css:0
[  142353ms] [ERROR] Failed to load resource: the server responded with a status of 500 (Internal Server Error) @ http://localhost:4173/_next/static/chunks/3x_gemlqld8bc.js:0
[  145511ms] [WARNING] The resource http://localhost:4173/_next/static/media/caa3a2e1cccd8315-s.p.0wgildi0cnwt9.woff2 was preloaded using link preload but not used within a few seconds from the window's load event. Please make sure it has an appropriate `as` value and it is preloaded intentionally. @ http://localhost:4173/:0
[  145511ms] [WARNING] The resource http://localhost:4173/_next/static/media/797e433ab948586e-s.p.0r6juujl39pe6.woff2 was preloaded using link preload but not used within a few seconds from the window's load event. Please make sure it has an appropriate `as` value and it is preloaded intentionally. @ http://localhost:4173/:0
[  164905ms] [ERROR] Failed to load resource: the server responded with a status of 500 (Internal Server Error) @ http://localhost:4173/_next/static/chunks/30wm3saj2s7xa.css:0
[  164913ms] [ERROR] Failed to load resource: the server responded with a status of 500 (Internal Server Error) @ http://localhost:4173/_next/static/chunks/3x_gemlqld8bc.js:0
[  167920ms] [WARNING] The resource http://localhost:4173/_next/static/media/caa3a2e1cccd8315-s.p.0wgildi0cnwt9.woff2 was preloaded using link preload but not used within a few seconds from the window's load event. Please make sure it has an appropriate `as` value and it is preloaded intentionally. @ http://localhost:4173/:0
[  167920ms] [WARNING] The resource http://localhost:4173/_next/static/media/797e433ab948586e-s.p.0r6juujl39pe6.woff2 was preloaded using link preload but not used within a few seconds from the window's load event. Please make sure it has an appropriate `as` value and it is preloaded intentionally. @ http://localhost:4173/:0
[  208117ms] [INFO] %cDownload the React DevTools for a better development experience: https://react.dev/link/react-devtools font-weight:bold @ http://localhost:3210/_next/static/chunks/node_modules_next_dist_1ybzpk2._.js:2477
[  208131ms] [LOG] [HMR] connected @ http://localhost:3210/_next/static/chunks/node_modules_next_dist_1ybzpk2._.js:2477
[  208148ms] [WARNING] You have Reduced Motion enabled on your device. Animations may not appear as expected.. For more information and steps for solving, visit https://motion.dev/troubleshooting/reduced-motion-disabled @ http://localhost:3210/_next/static/chunks/node_modules_next_dist_1ybzpk2._.js:2477
[  208165ms] [ERROR] A tree hydrated but some attributes of the server rendered HTML didn't match the client properties. This won't be patched up. This can happen if a SSR-ed Client Component used:

- A server/client branch `if (typeof window !== 'undefined')`.
- Variable input such as `Date.now()` or `Math.random()` which changes each time it's called.
- Date formatting in a user's locale which doesn't match the server.
- External changing data without sending a snapshot of it along with the HTML.
- Invalid HTML tag nesting.

It can also happen if the client has a browser extension installed which messes with the HTML before React loaded.

%s%s https://react.dev/link/hydration-mismatch 

  ...
    <LoadingBoundary name="/" loading={null}>
      <HTTPAccessFallbackBoundary notFound={{...}} forbidden={undefined} unauthorized={undefined}>
        <HTTPAccessFallbackErrorBoundary pathname="/" notFound={{...}} forbidden={undefined} unauthorized={undefined} ...>
          <RedirectBoundary>
            <RedirectErrorBoundary router={{...}}>
              <InnerLayoutRouter url="/" tree={[...]} params={{}} cacheNode={{rsc:{...}, ...}} segmentPath={[...]} ...>
                <SegmentViewNode type="page" pagePath="page.tsx">
                  <SegmentTrieNode>
                  <Home>
                    <a>
                    <header>
                    <main id="main" className="flex-1">
                      <Hero>
                        <section className="mx-auto gr...">
                          <div className="lg:col-span-7">
                            <motion.p data-reveal={true} initial={false} animate={{opacity:1,y:0}} ...>
                              <p
                                data-reveal={true}
                                className="font-mono text-[13px] uppercase tracking-[0.2em] text-accent"
                                style={{
+                                 opacity: 1
-                                 opacity: "0"
+                                 transform: "none"
-                                 transform: "translateY(24px)"
                                }}
                                ref={function useMotionRef.useCallback}
                              >
+                               Backend / AI Engineer
                            <motion.h1 data-reveal={true} initial={false} animate={{opacity:1,y:0}} ...>
                              <h1
                                data-reveal={true}
                                className="mt-6 text-4xl leading-none tracking-tighter text-balance md:text-5xl lg:tex..."
                                style={{
+                                 opacity: 1
-                                 opacity: "0"
+                                 transform: "none"
-                                 transform: "translateY(24px)"
                                }}
                                ref={function useMotionRef.useCallback}
                              >
+                               Backend systems that put AI agents to work.
                            <motion.p data-reveal={true} initial={false} animate={{opacity:1,y:0}} ...>
                              <p
                                data-reveal={true}
                                className="mt-6 max-w-[52ch] text-lg leading-relaxed text-muted"
                                style={{
+                                 opacity: 1
-                                 opacity: "0"
+                                 transform: "none"
-                                 transform: "translateY(24px)"
                                }}
                                ref={function useMotionRef.useCallback}
                              >
+                               Software engineer specializing in Python services, AWS serverless infrastructure, and t...
                            <motion.div data-reveal={true} initial={false} animate={{opacity:1,y:0}} ...>
                              <div
                                data-reveal={true}
                                className="mt-10 flex flex-wrap gap-4"
                                style={{
+                                 opacity: 1
-                                 opacity: "0"
+                                 transform: "none"
-                                 transform: "translateY(24px)"
                                }}
                                ref={function useMotionRef.useCallback}
                              >
                          <motion.figure data-reveal={true} initial={false} animate={{opacity:1,scale:1}} ...>
                            <figure
                              data-reveal={true}
                              className="relative mx-auto w-full max-w-md lg:col-span-5 lg:translate-y-4"
+                             style={{opacity:1,transform:"none"}}
-                             style={{opacity:"0",transform:"scale(0.98)"}}
                              ref={function useMotionRef.useCallback}
                            >
                      <Facts>
                        <section className="border-y b...">
                          <Reveal>
                            <motion.div data-reveal={true} className={undefined} initial={false} ...>
                              <div
                                data-reveal={true}
                                className={undefined}
                                style={{
-                                 opacity: "0"
-                                 transform: "translateY(24px)"
                                }}
                                ref={function useMotionRef.useCallback}
                              >
                      <Experience>
                        <section id="experience" className="mx-auto gr...">
                          <div className="lg:sticky ...">
                            <Reveal>
                              <motion.div data-reveal={true} className={undefined} initial={false} ...>
                                <div
                                  data-reveal={true}
                                  className={undefined}
                                  style={{
-                                   opacity: "0"
-                                   transform: "translateY(24px)"
                                  }}
                                  ref={function useMotionRef.useCallback}
                                >
                          <div className="divide-y d...">
                            <Reveal delay={0}>
                              <motion.div data-reveal={true} className={undefined} initial={false} ...>
                                <div
                                  data-reveal={true}
                                  className={undefined}
                                  style={{
-                                   opacity: "0"
-                                   transform: "translateY(24px)"
                                  }}
                                  ref={function useMotionRef.useCallback}
                                >
                            <Reveal delay={0.05}>
                              <motion.div data-reveal={true} className={undefined} initial={false} ...>
                                <div
                                  data-reveal={true}
                                  className={undefined}
                                  style={{
-                                   opacity: "0"
-                                   transform: "translateY(24px)"
                                  }}
                                  ref={function useMotionRef.useCallback}
                                >
                            <Reveal delay={0.1}>
                              <motion.div data-reveal={true} className={undefined} initial={false} ...>
                                <div
                                  data-reveal={true}
                                  className={undefined}
                                  style={{
-                                   opacity: "0"
-                                   transform: "translateY(24px)"
                                  }}
                                  ref={function useMotionRef.useCallback}
                                >
                            <Reveal delay={0.15000000000000002}>
                              <motion.div data-reveal={true} className={undefined} initial={false} ...>
                                <div
                                  data-reveal={true}
                                  className={undefined}
                                  style={{
-                                   opacity: "0"
-                                   transform: "translateY(24px)"
                                  }}
                                  ref={function useMotionRef.useCallback}
                                >
                      <Capabilities>
                        <section id="capabilities" className="border-y b...">
                          <div className="mx-auto ma...">
                            <Reveal>
                              <motion.div data-reveal={true} className={undefined} initial={false} ...>
                                <div
                                  data-reveal={true}
                                  className={undefined}
                                  style={{
-                                   opacity: "0"
-                                   transform: "translateY(24px)"
                                  }}
                                  ref={function useMotionRef.useCallback}
                                >
                            <div className="mt-12 grid...">
                              <Reveal className="md:col-span-4">
                                <motion.div data-reveal={true} className="md:col-span-4" initial={false} ...>
                                  <div
                                    data-reveal={true}
                                    className="md:col-span-4"
                                    style={{
-                                     opacity: "0"
-                                     transform: "translateY(24px)"
                                    }}
                                    ref={function useMotionRef.useCallback}
                                  >
                              <Reveal className="md:col-span-2" delay={0.05}>
                                <motion.div data-reveal={true} className="md:col-span-2" initial={false} ...>
                                  <div
                                    data-reveal={true}
                                    className="md:col-span-2"
                                    style={{
-                                     opacity: "0"
-                                     transform: "translateY(24px)"
                                    }}
                                    ref={function useMotionRef.useCallback}
                                  >
                              <Reveal className="md:col-span-3" delay={0.1}>
                                <motion.div data-reveal={true} className="md:col-span-3" initial={false} ...>
                                  <div
                                    data-reveal={true}
                                    className="md:col-span-3"
                                    style={{
-                                     opacity: "0"
-                                     transform: "translateY(24px)"
                                    }}
                                    ref={function useMotionRef.useCallback}
                                  >
                              <Reveal className="md:col-span-3" delay={0.15}>
                                <motion.div data-reveal={true} className="md:col-span-3" initial={false} ...>
                                  <div
                                    data-reveal={true}
                                    className="md:col-span-3"
                                    style={{
-                                     opacity: "0"
-                                     transform: "translateY(24px)"
                                    }}
                                    ref={function useMotionRef.useCallback}
                                  >
                              <Reveal className="md:col-span-6" delay={0.2}>
                                <motion.div data-reveal={true} className="md:col-span-6" initial={false} ...>
                                  <div
                                    data-reveal={true}
                                    className="md:col-span-6"
                                    style={{
-                                     opacity: "0"
-                                     transform: "translateY(24px)"
                                    }}
                                    ref={function useMotionRef.useCallback}
                                  >
                      <Stack>
                        <section className="mx-auto ma...">
                          <Reveal>
                            <motion.div data-reveal={true} className={undefined} initial={false} ...>
                              <div
                                data-reveal={true}
                                className={undefined}
                                style={{
-                                 opacity: "0"
-                                 transform: "translateY(24px)"
                                }}
                                ref={function useMotionRef.useCallback}
                              >
                      <Contact>
                        <section id="contact" className="border-t b...">
                          <div className="mx-auto gr...">
                            <Reveal className="lg:col-span-7">
                              <motion.div data-reveal={true} className="lg:col-span-7" initial={false} ...>
                                <div
                                  data-reveal={true}
                                  className="lg:col-span-7"
                                  style={{
-                                   opacity: "0"
-                                   transform: "translateY(24px)"
                                  }}
                                  ref={function useMotionRef.useCallback}
                                >
                            <Reveal className="lg:col-spa..." delay={0.1}>
                              <motion.div data-reveal={true} className="lg:col-spa..." initial={false} ...>
                                <div
                                  data-reveal={true}
                                  className="lg:col-span-4 lg:col-start-9"
                                  style={{
-                                   opacity: "0"
-                                   transform: "translateY(24px)"
                                  }}
                                  ref={function useMotionRef.useCallback}
                                >
                    ...
                ...
              ...
 @ http://localhost:3210/_next/static/chunks/node_modules_next_dist_1ybzpk2._.js:3318
